[debug] [2017-06-27T18:34:25.993Z] ----------------------------------------------------------------------
[debug] [2017-06-27T18:34:25.996Z] Command:      /usr/local/Cellar/node/8.1.2/bin/node /usr/local/bin/firebase serve
[debug] [2017-06-27T18:34:25.996Z] CLI Version:  3.9.1
[debug] [2017-06-27T18:34:25.996Z] Platform:     darwin
[debug] [2017-06-27T18:34:25.996Z] Node Version: v8.1.2
[debug] [2017-06-27T18:34:25.996Z] Time:         Tue Jun 27 2017 20:34:25 GMT+0200 (CEST)
[debug] [2017-06-27T18:34:25.997Z] ----------------------------------------------------------------------
[debug] 
[debug] [2017-06-27T18:34:26.021Z] > command requires scopes: ["email","openid","https://www.googleapis.com/auth/cloudplatformprojects.readonly","https://www.googleapis.com/auth/firebase","https://www.googleapis.com/auth/cloud-platform"]
[debug] [2017-06-27T18:34:26.022Z] > authorizing via signed-in user
[debug] [2017-06-27T18:34:26.024Z] >>> HTTP REQUEST GET https://admin.firebase.com/v1/projects/makeup-map-170617  
 Tue Jun 27 2017 20:34:26 GMT+0200 (CEST)
[debug] [2017-06-27T18:34:27.161Z] <<< HTTP RESPONSE 200
[debug] [2017-06-27T18:34:27.162Z] >>> HTTP REQUEST GET https://admin.firebase.com/v1/database/makeup-map-170617/tokens  
 Tue Jun 27 2017 20:34:27 GMT+0200 (CEST)
[debug] [2017-06-27T18:34:27.932Z] <<< HTTP RESPONSE 200
[info] 
[info] === Serving from '/Users/Gata/Desktop/Mapa/makeup-map'...
[info] 
[debug] [2017-06-27T18:34:27.936Z] >>> HTTP REQUEST GET https://cloudresourcemanager.googleapis.com/v1/projects/makeup-map-170617  
 Tue Jun 27 2017 20:34:27 GMT+0200 (CEST)
[debug] [2017-06-27T18:34:28.862Z] <<< HTTP RESPONSE 200
[debug] [2017-06-27T18:34:28.863Z] >>> HTTP REQUEST GET https://mobilesdk-pa.googleapis.com/v1/projects/739919216927/clients/_:getWebAppConfig  
 Tue Jun 27 2017 20:34:28 GMT+0200 (CEST)
[debug] [2017-06-27T18:34:29.486Z] <<< HTTP RESPONSE 200
[info] i  hosting: Serving hosting files from: public
[info] ✔  hosting: Local server: http://localhost:5000

